# JRE version: OpenJDK Runtime Environment (8.0_41-b04) (build 1.8.0_41-b04)
# Java VM: OpenJDK Client VM (25.40-b25 mixed mode windows-x86 )
Heap:
 def new generation   total 29312K, used 3963K [0x04e00000, 0x06dc0000, 0x0f8a0000)
  eden space 26112K,   2% used [0x04e00000, 0x04ebee08, 0x06780000)
  from space 3200K, 100% used [0x06780000, 0x06aa0000, 0x06aa0000)
  to   space 3200K,   0% used [0x06aa0000, 0x06aa0000, 0x06dc0000)
 tenured generation   total 64880K, used 56229K [0x0f8a0000, 0x137fc000, 0x24e00000)
   the space 64880K,  86% used [0x0f8a0000, 0x12f89628, 0x12f89800, 0x137fc000)
 Metaspace       used 19968K, capacity 20719K, committed 20864K, reserved 20864K
GC Heap History (10 events):
Event: 5.076 GC heap before
{Heap before GC invocations=55 (full 4):
 def new generation   total 29312K, used 28129K [0x04e00000, 0x06dc0000, 0x0f8a0000)
  eden space 26112K, 100% used [0x04e00000, 0x06780000, 0x06780000)
  from space 3200K,  63% used [0x06780000, 0x069786b0, 0x06aa0000)
  to   space 3200K,   0% used [0x06aa0000, 0x06aa0000, 0x06dc0000)
 tenured generation   total 64880K, used 39567K [0x0f8a0000, 0x137fc000, 0x24e00000)
   the space 64880K,  60% used [0x0f8a0000, 0x11f43f20, 0x11f44000, 0x137fc000)
 Metaspace       used 15662K, capacity 16286K, committed 16384K, reserved 16768K
Event: 5.081 GC heap after
Heap after GC invocations=56 (full 4):
 def new generation   total 29312K, used 2017K [0x04e00000, 0x06dc0000, 0x0f8a0000)
  eden space 26112K,   0% used [0x04e00000, 0x04e00000, 0x06780000)
  from space 3200K,  63% used [0x06aa0000, 0x06c98600, 0x06dc0000)
  to   space 3200K,   0% used [0x06780000, 0x06780000, 0x06aa0000)
 tenured generation   total 64880K, used 40209K [0x0f8a0000, 0x137fc000, 0x24e00000)
   the space 64880K,  61% used [0x0f8a0000, 0x11fe4780, 0x11fe4800, 0x137fc000)
 Metaspace       used 15662K, capacity 16286K, committed 16384K, reserved 16768K
}
Event: 5.172 GC heap before
{Heap before GC invocations=56 (full 4):
 def new generation   total 29312K, used 28129K [0x04e00000, 0x06dc0000, 0x0f8a0000)
  eden space 26112K, 100% used [0x04e00000, 0x06780000, 0x06780000)
  from space 3200K,  63% used [0x06aa0000, 0x06c98600, 0x06dc0000)
  to   space 3200K,   0% used [0x06780000, 0x06780000, 0x06aa0000)
 tenured generation   total 64880K, used 40209K [0x0f8a0000, 0x137fc000, 0x24e00000)
   the space 64880K,  61% used [0x0f8a0000, 0x11fe4780, 0x11fe4800, 0x137fc000)
 Metaspace       used 15662K, capacity 16286K, committed 16384K, reserved 16768K
Event: 5.177 GC heap after
Heap after GC invocations=57 (full 4):
 def new generation   total 29312K, used 2202K [0x04e00000, 0x06dc0000, 0x0f8a0000)
  eden space 26112K,   0% used [0x04e00000, 0x04e00000, 0x06780000)
  from space 3200K,  68% used [0x06780000, 0x069a6a50, 0x06aa0000)
  to   space 3200K,   0% used [0x06aa0000, 0x06aa0000, 0x06dc0000)
 tenured generation   total 64880K, used 40843K [0x0f8a0000, 0x137fc000, 0x24e00000)
   the space 64880K,  62% used [0x0f8a0000, 0x12082eb8, 0x12083000, 0x137fc000)
 Metaspace       used 15662K, capacity 16286K, committed 16384K, reserved 16768K
}
Event: 5.261 GC heap before
{Heap before GC invocations=57 (full 4):
 def new generation   total 29312K, used 28314K [0x04e00000, 0x06dc0000, 0x0f8a0000)
  eden space 26112K, 100% used [0x04e00000, 0x06780000, 0x06780000)
  from space 3200K,  68% used [0x06780000, 0x069a6a50, 0x06aa0000)
  to   space 3200K,   0% used [0x06aa0000, 0x06aa0000, 0x06dc0000)
 tenured generation   total 64880K, used 40843K [0x0f8a0000, 0x137fc000, 0x24e00000)
   the space 64880K,  62% used [0x0f8a0000, 0x12082eb8, 0x12083000, 0x137fc000)
 Metaspace       used 15662K, capacity 16286K, committed 16384K, reserved 16768K
Event: 5.266 GC heap after
Heap after GC invocations=58 (full 4):
 def new generation   total 29312K, used 2160K [0x04e00000, 0x06dc0000, 0x0f8a0000)
  eden space 26112K,   0% used [0x04e00000, 0x04e00000, 0x06780000)
  from space 3200K,  67% used [0x06aa0000, 0x06cbc1e8, 0x06dc0000)
  to   space 3200K,   0% used [0x06780000, 0x06780000, 0x06aa0000)
 tenured generation   total 64880K, used 41511K [0x0f8a0000, 0x137fc000, 0x24e00000)
   the space 64880K,  63% used [0x0f8a0000, 0x12129f98, 0x1212a000, 0x137fc000)
 Metaspace       used 15662K, capacity 16286K, committed 16384K, reserved 16768K
}
Event: 5.578 GC heap before
{Heap before GC invocations=58 (full 4):
 def new generation   total 29312K, used 28272K [0x04e00000, 0x06dc0000, 0x0f8a0000)
  eden space 26112K, 100% used [0x04e00000, 0x06780000, 0x06780000)
  from space 3200K,  67% used [0x06aa0000, 0x06cbc1e8, 0x06dc0000)
  to   space 3200K,   0% used [0x06780000, 0x06780000, 0x06aa0000)
 tenured generation   total 64880K, used 41511K [0x0f8a0000, 0x137fc000, 0x24e00000)
   the space 64880K,  63% used [0x0f8a0000, 0x12129f98, 0x1212a000, 0x137fc000)
 Metaspace       used 16989K, capacity 17718K, committed 17792K, reserved 17792K
Event: 5.590 GC heap after
Heap after GC invocations=59 (full 4):
 def new generation   total 29312K, used 3200K [0x04e00000, 0x06dc0000, 0x0f8a0000)
  eden space 26112K,   0% used [0x04e00000, 0x04e00000, 0x06780000)
  from space 3200K, 100% used [0x06780000, 0x06aa0000, 0x06aa0000)
  to   space 3200K,   0% used [0x06aa0000, 0x06aa0000, 0x06dc0000)
 tenured generation   total 64880K, used 43567K [0x0f8a0000, 0x137fc000, 0x24e00000)
   the space 64880K,  67% used [0x0f8a0000, 0x1232bcb0, 0x1232be00, 0x137fc000)
 Metaspace       used 16989K, capacity 17718K, committed 17792K, reserved 17792K
}
Event: 5.695 GC heap before
{Heap before GC invocations=59 (full 4):
 def new generation   total 29312K, used 28906K [0x04e00000, 0x06dc0000, 0x0f8a0000)
  eden space 26112K,  98% used [0x04e00000, 0x0671a9d0, 0x06780000)
  from space 3200K, 100% used [0x06780000, 0x06aa0000, 0x06aa0000)
  to   space 3200K,   0% used [0x06aa0000, 0x06aa0000, 0x06dc0000)
 tenured generation   total 64880K, used 43567K [0x0f8a0000, 0x137fc000, 0x24e00000)
   the space 64880K,  67% used [0x0f8a0000, 0x1232bcb0, 0x1232be00, 0x137fc000)
 Metaspace       used 18280K, capacity 19045K, committed 19072K, reserved 19840K
Event: 5.711 GC heap after
Heap after GC invocations=60 (full 4):
 def new generation   total 29312K, used 3200K [0x04e00000, 0x06dc0000, 0x0f8a0000)
  eden space 26112K,   0% used [0x04e00000, 0x04e00000, 0x06780000)
  from space 3200K, 100% used [0x06aa0000, 0x06dc0000, 0x06dc0000)
  to   space 3200K,   0% used [0x06780000, 0x06780000, 0x06aa0000)
 tenured generation   total 64880K, used 54144K [0x0f8a0000, 0x137fc000, 0x24e00000)
   the space 64880K,  83% used [0x0f8a0000, 0x12d80100, 0x12d80200, 0x137fc000)
 Metaspace       used 18280K, capacity 19045K, committed 19072K, reserved 19840K
}

